<?xml version="1.0" encoding="UTF-8"?>
<!-- Generated by org.testng.reporters.JUnitXMLReporter -->
<testsuite ignored="0" hostname="Rounak" failures="0" tests="4" name="Test" time="0.082" errors="0" timestamp="2022-02-22T22:38:04 IST">
  <testcase classname="com.actitime.testscript.CustomerModule" name="deletecustomer" time="0.013"/>
  <testcase classname="com.actitime.testscript.CustomerModule" name="modifycustomer" time="0.003"/>
  <testcase classname="com.actitime.testscript.CustomerModule" name="modifycustomer" time="0.002"/>
  <testcase classname="com.actitime.testscript.CustomerModule" name="createcustomer" time="0.005"/>
</testsuite> <!-- Test -->
